00000000000i[     ] Bochs x86 Emulator 2.6
00000000000i[     ]   Built from SVN snapshot on September 2nd, 2012
00000000000i[     ] Compiled on Dec 27 2012 at 00:29:46
00000000000i[     ] System configuration
00000000000i[     ]   processors: 1 (cores=1, HT threads=1)
00000000000i[     ]   A20 line support: yes
00000000000i[     ] IPS is set to 4000000
00000000000i[     ] CPU configuration
00000000000i[     ]   level: 6
00000000000i[     ]   SMP support: no
00000000000i[     ]   APIC support: xapic
00000000000i[     ]   FPU support: yes
00000000000i[     ]   MMX support: yes
00000000000i[     ]   3dnow! support: no
00000000000i[     ]   SEP support: yes
00000000000i[     ]   SSE support: sse2
00000000000i[     ]   XSAVE support: no 
00000000000i[     ]   AES support: no
00000000000i[     ]   MOVBE support: no
00000000000i[     ]   ADX support: no
00000000000i[     ]   x86-64 support: yes
00000000000i[     ]   1G paging support: no
00000000000i[     ]   MWAIT support: yes
00000000000i[     ] Optimization configuration
00000000000i[     ]   RepeatSpeedups support: yes
00000000000i[     ]   Fast function calls: yes
00000000000i[     ]   Handlers Chaining speedups: no
00000000000i[     ] Devices configuration
00000000000i[     ]   NE2000 support: no
00000000000i[     ]   PCI support: yes, enabled=yes
00000000000i[     ]   SB16 support: no
00000000000i[     ]   USB support: yes
00000000000i[     ]   VGA extension support: vbe 
00000000000i[MEM0 ] allocated memory at 0x7f259f007010. after alignment, vector=0x7f259f008000
00000000000i[MEM0 ] 4095.00MB
00000000000i[MEM0 ] mem block size = 0x00100000, blocks=4095
00000000000i[MEM0 ] rom at 0xfffe0000/131072 ('/usr/share/bochs/BIOS-bochs-latest')
00000000000i[     ] lt_dlhandle is 0x30299a0
00000000000i[PLGIN] loaded plugin libbx_hdimage.so
00000000000i[     ] lt_dlhandle is 0x302a310
00000000000i[PLGIN] loaded plugin libbx_pci.so
00000000000i[     ] lt_dlhandle is 0x302aec0
00000000000i[PLGIN] loaded plugin libbx_pci2isa.so
00000000000i[     ] lt_dlhandle is 0x302b8d0
00000000000i[PLGIN] loaded plugin libbx_acpi.so
00000000000i[     ] lt_dlhandle is 0x302c2d0
00000000000i[PLGIN] loaded plugin libbx_cmos.so
00000000000i[     ] lt_dlhandle is 0x302cc10
00000000000i[PLGIN] loaded plugin libbx_dma.so
00000000000i[     ] lt_dlhandle is 0x302d6a0
00000000000i[PLGIN] loaded plugin libbx_pic.so
00000000000i[     ] lt_dlhandle is 0x302df60
00000000000i[PLGIN] loaded plugin libbx_pit.so
00000000000i[     ] lt_dlhandle is 0x302e9a0
00000000000i[PLGIN] loaded plugin libbx_floppy.so
00000000000i[     ] lt_dlhandle is 0x302f590
00000000000i[PLGIN] loaded plugin libbx_vga.so
00000000000i[     ] lt_dlhandle is 0x302fd20
00000000000i[PLGIN] loaded plugin libbx_ioapic.so
00000000000i[     ] lt_dlhandle is 0x3030760
00000000000i[PLGIN] loaded plugin libbx_keyboard.so
00000000000i[     ] lt_dlhandle is 0x3030ff0
00000000000i[PLGIN] loaded plugin libbx_harddrv.so
00000000000i[     ] lt_dlhandle is 0x30430e0
00000000000i[PLGIN] loaded plugin libbx_pci_ide.so
00000000000i[PLGIN] init_dev of 'pci' plugin device by virtual method
00000000000i[PCI  ] 440FX Host bridge present at device 0, function 0
00000000000i[PLGIN] init_dev of 'pci2isa' plugin device by virtual method
00000000000i[PCI  ] PIIX3 PCI-to-ISA bridge present at device 1, function 0
00000000000i[PLGIN] init_dev of 'cmos' plugin device by virtual method
00000000000i[CMOS ] Using local time for initial clock
00000000000i[CMOS ] Setting initial clock to: Mon Jan 28 01:54:58 2013 (time0=1359366898)
00000000000i[PLGIN] init_dev of 'dma' plugin device by virtual method
00000000000i[DMA  ] channel 4 used by cascade
00000000000i[PLGIN] init_dev of 'pic' plugin device by virtual method
00000000000i[PLGIN] init_dev of 'pit' plugin device by virtual method
00000000000i[PLGIN] init_dev of 'floppy' plugin device by virtual method
00000000000i[DMA  ] channel 2 used by Floppy Drive
00000000000i[PLGIN] init_dev of 'vga' plugin device by virtual method
00000000000i[MEM0 ] Register memory access handlers: 0x00000000000a0000 - 0x00000000000bffff
00000000000i[VGA  ] interval=200000
00000000000i[MEM0 ] Register memory access handlers: 0x00000000e0000000 - 0x00000000e0ffffff
00000000000i[BXVGA] VBE Bochs Display Extension Enabled
00000000000i[XGUI ] test_alloc_colors: 16 colors available out of 16 colors tried
00000000000i[XGUI ] font 8 wide x 16 high, display depth = 24
00000000000i[MEM0 ] rom at 0xc0000/41472 ('/usr/share/bochs/VGABIOS-lgpl-latest')
00000000000i[PLGIN] init_dev of 'acpi' plugin device by virtual method
00000000000i[PCI  ] ACPI Controller present at device 1, function 3
00000000000i[PLGIN] init_dev of 'ioapic' plugin device by virtual method
00000000000i[IOAP ] initializing I/O APIC
00000000000i[MEM0 ] Register memory access handlers: 0x00000000fec00000 - 0x00000000fec00fff
00000000000i[PLGIN] init_dev of 'keyboard' plugin device by virtual method
00000000000i[KBD  ] will paste characters every 1000 keyboard ticks
00000000000i[PLGIN] init_dev of 'harddrv' plugin device by virtual method
00000000000i[HD   ] HD on ata0-0: 'harddisk.img', 'flat' mode
00000000000i[IMG  ] hd_size: 4194304
00000000000i[HD   ] ata0-0: using specified geometry: CHS=1024/1/1
00000000000i[HD   ] ata0-0: extra data outside of CHS address range
00000000000i[HD   ] translation on ata0-0 set to 'none'
00000000000i[HD   ] Using boot sequence disk, none, none
00000000000i[HD   ] Floppy boot signature check is enabled
00000000000i[PLGIN] init_dev of 'pci_ide' plugin device by virtual method
00000000000i[PCI  ] PIIX3 PCI IDE controller present at device 1, function 1
00000000000i[PLGIN] init_dev of 'unmapped' plugin device by virtual method
00000000000i[PLGIN] init_dev of 'biosdev' plugin device by virtual method
00000000000i[PLGIN] init_dev of 'speaker' plugin device by virtual method
00000000000i[PLGIN] init_dev of 'extfpuirq' plugin device by virtual method
00000000000i[PLGIN] init_dev of 'parallel' plugin device by virtual method
00000000000i[PAR  ] parallel port 1 at 0x0378 irq 7
00000000000i[PLGIN] init_dev of 'serial' plugin device by virtual method
00000000000i[SER  ] com1 at 0x03f8 irq 4
00000000000i[PLGIN] init_dev of 'iodebug' plugin device by virtual method
00000000000i[PLGIN] register state of 'pci' plugin device by virtual method
00000000000i[PLGIN] register state of 'pci2isa' plugin device by virtual method
00000000000i[PLGIN] register state of 'cmos' plugin device by virtual method
00000000000i[PLGIN] register state of 'dma' plugin device by virtual method
00000000000i[PLGIN] register state of 'pic' plugin device by virtual method
00000000000i[PLGIN] register state of 'pit' plugin device by virtual method
00000000000i[PLGIN] register state of 'floppy' plugin device by virtual method
00000000000i[PLGIN] register state of 'vga' plugin device by virtual method
00000000000i[PLGIN] register state of 'unmapped' plugin device by virtual method
00000000000i[PLGIN] register state of 'biosdev' plugin device by virtual method
00000000000i[PLGIN] register state of 'speaker' plugin device by virtual method
00000000000i[PLGIN] register state of 'extfpuirq' plugin device by virtual method
00000000000i[PLGIN] register state of 'parallel' plugin device by virtual method
00000000000i[PLGIN] register state of 'serial' plugin device by virtual method
00000000000i[PLGIN] register state of 'iodebug' plugin device by virtual method
00000000000i[PLGIN] register state of 'acpi' plugin device by virtual method
00000000000i[PLGIN] register state of 'ioapic' plugin device by virtual method
00000000000i[PLGIN] register state of 'keyboard' plugin device by virtual method
00000000000i[PLGIN] register state of 'harddrv' plugin device by virtual method
00000000000i[PLGIN] register state of 'pci_ide' plugin device by virtual method
00000000000i[SYS  ] bx_pc_system_c::Reset(HARDWARE) called
00000000000i[CPU0 ] cpu hardware reset
00000000000i[APIC0] allocate APIC id=0 (MMIO enabled) to 0x00000000fee00000
00000000000i[CPU0 ] CPUID[0x00000000]: 00000002 756e6547 6c65746e 49656e69
00000000000i[CPU0 ] CPUID[0x00000001]: 00000633 00010800 00002008 1fcbfbff
00000000000i[CPU0 ] CPUID[0x00000002]: 00410601 00000000 00000000 00000000
00000000000i[CPU0 ] CPUID[0x80000000]: 80000008 00000000 00000000 00000000
00000000000i[CPU0 ] CPUID[0x80000001]: 00000000 00000000 00000101 2a100000
00000000000i[CPU0 ] CPUID[0x80000002]: 20202020 20202020 20202020 6e492020
00000000000i[CPU0 ] CPUID[0x80000003]: 286c6574 50202952 69746e65 52286d75
00000000000i[CPU0 ] CPUID[0x80000004]: 20342029 20555043 20202020 00202020
00000000000i[CPU0 ] CPUID[0x80000005]: 01ff01ff 01ff01ff 40020140 40020140
00000000000i[CPU0 ] CPUID[0x80000006]: 00000000 42004200 02008140 00000000
00000000000i[CPU0 ] CPUID[0x80000007]: 00000000 00000000 00000000 00000000
00000000000i[CPU0 ] CPUID[0x80000008]: 00003028 00000000 00000000 00000000
00000000000i[PLGIN] reset of 'pci' plugin device by virtual method
00000000000i[PLGIN] reset of 'pci2isa' plugin device by virtual method
00000000000i[PLGIN] reset of 'cmos' plugin device by virtual method
00000000000i[PLGIN] reset of 'dma' plugin device by virtual method
00000000000i[PLGIN] reset of 'pic' plugin device by virtual method
00000000000i[PLGIN] reset of 'pit' plugin device by virtual method
00000000000i[PLGIN] reset of 'floppy' plugin device by virtual method
00000000000i[PLGIN] reset of 'vga' plugin device by virtual method
00000000000i[PLGIN] reset of 'acpi' plugin device by virtual method
00000000000i[PLGIN] reset of 'ioapic' plugin device by virtual method
00000000000i[PLGIN] reset of 'keyboard' plugin device by virtual method
00000000000i[PLGIN] reset of 'harddrv' plugin device by virtual method
00000000000i[PLGIN] reset of 'pci_ide' plugin device by virtual method
00000000000i[PLGIN] reset of 'unmapped' plugin device by virtual method
00000000000i[PLGIN] reset of 'biosdev' plugin device by virtual method
00000000000i[PLGIN] reset of 'speaker' plugin device by virtual method
00000000000e[SPEAK] Failed to open /dev/console: Permission denied
00000000000e[SPEAK] Deactivating beep on console
00000000000i[PLGIN] reset of 'extfpuirq' plugin device by virtual method
00000000000i[PLGIN] reset of 'parallel' plugin device by virtual method
00000000000i[PLGIN] reset of 'serial' plugin device by virtual method
00000000000i[PLGIN] reset of 'iodebug' plugin device by virtual method
00000000000i[XGUI ] Mouse capture off
00000000000i[     ] set SIGINT handler to bx_debug_ctrlc_handler
00000000000i[XGUI ] Mouse capture off
00000000025i[MEM0 ] allocate_block: block=0x0 used 0x1 of 0x800
00000004661i[BIOS ] $Revision: 11318 $ $Date: 2012-08-06 19:59:54 +0200 (Mo, 06. Aug 2012) $
00000319074i[KBD  ] reset-disable command received
00000321808i[BIOS ] Starting rombios32
00000322242i[BIOS ] Shutdown flag 0
00000322844i[BIOS ] ram_size=0xc0000000
00000323311i[BIOS ] ram_end=3072MB
00000363786i[BIOS ] Found 1 cpu(s)
00000377968i[BIOS ] bios_table_addr: 0x000fa438 end=0x000fcc00
00000705761i[PCI  ] 440FX PMC write to PAM register 59 (TLB Flush)
00001033689i[P2I  ] PCI IRQ routing: PIRQA# set to 0x0b
00001033708i[P2I  ] PCI IRQ routing: PIRQB# set to 0x09
00001033727i[P2I  ] PCI IRQ routing: PIRQC# set to 0x0b
00001033746i[P2I  ] PCI IRQ routing: PIRQD# set to 0x09
00001033756i[P2I  ] write: ELCR2 = 0x0a
00001034522i[BIOS ] PIIX3/PIIX4 init: elcr=00 0a
00001042187i[BIOS ] PCI: bus=0 devfn=0x00: vendor_id=0x8086 device_id=0x1237 class=0x0600
00001044457i[BIOS ] PCI: bus=0 devfn=0x08: vendor_id=0x8086 device_id=0x7000 class=0x0601
00001046566i[BIOS ] PCI: bus=0 devfn=0x09: vendor_id=0x8086 device_id=0x7010 class=0x0101
00001046797i[PIDE ] new BM-DMA address: 0xc000
00001047414i[BIOS ] region 4: 0x0000c000
00001049439i[BIOS ] PCI: bus=0 devfn=0x0b: vendor_id=0x8086 device_id=0x7113 class=0x0680
00001049672i[ACPI ] new irq line = 11
00001049684i[ACPI ] new irq line = 9
00001049713i[ACPI ] new PM base address: 0xb000
00001049727i[ACPI ] new SM base address: 0xb100
00001049755i[PCI  ] setting SMRAM control register to 0x4a
00001213846i[CPU0 ] Enter to System Management Mode
00001213856i[CPU0 ] RSM: Resuming from System Management Mode
00001377874i[PCI  ] setting SMRAM control register to 0x0a
00001392767i[BIOS ] MP table addr=0x000fa510 MPC table addr=0x000fa440 size=0xc8
00001394523i[BIOS ] SMBIOS table addr=0x000fa520
00001394581i[MEM0 ] allocate_block: block=0xbff used 0x2 of 0x800
00001396725i[BIOS ] ACPI tables: RSDP addr=0x000fa640 ACPI DATA addr=0xbfff0000 size=0x992
00001399945i[BIOS ] Firmware waking vector 0xbfff00cc
00001401366i[PCI  ] 440FX PMC write to PAM register 59 (TLB Flush)
00001402094i[BIOS ] bios_table_cur_addr: 0x000fa664
00001529711i[VBIOS] VGABios $Id: vgabios.c,v 1.75 2011/10/15 14:07:21 vruppert Exp $
00001529782i[BXVGA] VBE known Display Interface b0c0
00001529814i[BXVGA] VBE known Display Interface b0c5
00001532739i[VBIOS] VBE Bios $Id: vbe.c,v 1.64 2011/07/19 18:25:05 vruppert Exp $
00001600002i[XGUI ] charmap update. Font Height is 16
00001872199i[BIOS ] ata0-0: PCHS=1024/1/1 translation=none LCHS=1024/1/1
00005749373i[BIOS ] IDE time out
00017824971i[BIOS ] Booting from 0000:7c00
00017884250i[MEM0 ] allocate_block: block=0x1 used 0x3 of 0x800
00018438800i[MEM0 ] allocate_block: block=0x3 used 0x4 of 0x800
00018542402i[MEM0 ] allocate_block: block=0x2 used 0x5 of 0x800
00020064465i[MEM0 ] allocate_block: block=0xd used 0x6 of 0x800
00020125494i[MEM0 ] allocate_block: block=0xc used 0x7 of 0x800
00020629210i[MEM0 ] allocate_block: block=0x7c used 0x8 of 0x800
00020636369i[MEM0 ] allocate_block: block=0x18 used 0x9 of 0x800
00020705271i[MEM0 ] allocate_block: block=0x80 used 0xa of 0x800
00029099255i[MEM0 ] allocate_block: block=0x81 used 0xb of 0x800
00037493239i[MEM0 ] allocate_block: block=0x82 used 0xc of 0x800
00045887223i[MEM0 ] allocate_block: block=0x83 used 0xd of 0x800
00054281207i[MEM0 ] allocate_block: block=0x84 used 0xe of 0x800
00062675191i[MEM0 ] allocate_block: block=0x85 used 0xf of 0x800
00071069175i[MEM0 ] allocate_block: block=0x86 used 0x10 of 0x800
00079463159i[MEM0 ] allocate_block: block=0x87 used 0x11 of 0x800
00087857143i[MEM0 ] allocate_block: block=0x88 used 0x12 of 0x800
00096251127i[MEM0 ] allocate_block: block=0x89 used 0x13 of 0x800
00104645111i[MEM0 ] allocate_block: block=0x8a used 0x14 of 0x800
00113039095i[MEM0 ] allocate_block: block=0x8b used 0x15 of 0x800
00121433079i[MEM0 ] allocate_block: block=0x8c used 0x16 of 0x800
00129827063i[MEM0 ] allocate_block: block=0x8d used 0x17 of 0x800
00138221047i[MEM0 ] allocate_block: block=0x8e used 0x18 of 0x800
00146615031i[MEM0 ] allocate_block: block=0x8f used 0x19 of 0x800
00155009015i[MEM0 ] allocate_block: block=0x90 used 0x1a of 0x800
00163402999i[MEM0 ] allocate_block: block=0x91 used 0x1b of 0x800
00171796983i[MEM0 ] allocate_block: block=0x92 used 0x1c of 0x800
00180190967i[MEM0 ] allocate_block: block=0x93 used 0x1d of 0x800
00188584951i[MEM0 ] allocate_block: block=0x94 used 0x1e of 0x800
00196978935i[MEM0 ] allocate_block: block=0x95 used 0x1f of 0x800
00205372919i[MEM0 ] allocate_block: block=0x96 used 0x20 of 0x800
00213766903i[MEM0 ] allocate_block: block=0x97 used 0x21 of 0x800
00222160887i[MEM0 ] allocate_block: block=0x98 used 0x22 of 0x800
01217473846i[     ] Ctrl-C detected in signal handler.
01217473847i[XGUI ] Mouse capture off
01217473847i[     ] Ctrl-C detected in signal handler.
01217473847i[     ] dbg: Quit
01217473847i[CPU0 ] CPU is in protected mode (active)
01217473847i[CPU0 ] CS.mode = 32 bit
01217473847i[CPU0 ] SS.mode = 32 bit
01217473847i[CPU0 ] EFER   = 0x00000000
01217473847i[CPU0 ] | EAX=000b88c9  EBX=00002000  ECX=00000021  EDX=0000000e
01217473847i[CPU0 ] | ESP=00da7010  EBP=00da7098  ESI=00000000  EDI=00000000
01217473847i[CPU0 ] | IOPL=0 id vip vif ac vm rf NT of df if tf sf zf af pf cf
01217473847i[CPU0 ] | SEG sltr(index|ti|rpl)     base    limit G D
01217473847i[CPU0 ] |  CS:0008( 0001| 0|  0) 00000000 ffffffff 1 1
01217473847i[CPU0 ] |  DS:0010( 0002| 0|  0) 00000000 ffffffff 1 1
01217473847i[CPU0 ] |  SS:0010( 0002| 0|  0) 00000000 ffffffff 1 1
01217473847i[CPU0 ] |  ES:0010( 0002| 0|  0) 00000000 ffffffff 1 1
01217473847i[CPU0 ] |  FS:0010( 0002| 0|  0) 00000000 ffffffff 1 1
01217473847i[CPU0 ] |  GS:0010( 0002| 0|  0) 00000000 ffffffff 1 1
01217473847i[CPU0 ] | EIP=00c005ea (00c005ea)
01217473847i[CPU0 ] | CR0=0xe0000019 CR2=0x0fffefff
01217473847i[CPU0 ] | CR3=0x07c00000 CR4=0x00000010
01217473847i[CMOS ] Last time is 1359367202 (Mon Jan 28 02:00:02 2013)
01217473847i[XGUI ] Exit
01217473847i[CTRL ] quit_sim called with exit code 0
